0 info it worked if it ends with ok
1 verbose cli [ '/usr/bin/nodejs',
1 verbose cli   '/usr/bin/npm',
1 verbose cli   'completion',
1 verbose cli   '--',
1 verbose cli   'npm',
1 verbose cli   'install',
1 verbose cli   'bo' ]
2 info using npm@1.3.10
3 info using node@v0.10.25
4 verbose url raw /-/short
5 verbose url resolving [ 'https://registry.npmjs.org/', './-/short' ]
6 verbose url resolved https://registry.npmjs.org/-/short
7 info trying registry request attempt 1 at 00:47:13
8 http GET https://registry.npmjs.org/-/short
9 http 404 https://registry.npmjs.org/-/short
10 error TypeError: Cannot call method 'match' of undefined
10 error     at RegClient.<anonymous> (/usr/share/npm/node_modules/npm-registry-client/lib/request.js:119:29)
10 error     at cb (/usr/share/npm/node_modules/npm-registry-client/lib/request.js:158:9)
10 error     at RegClient.<anonymous> (/usr/share/npm/node_modules/npm-registry-client/lib/request.js:252:14)
10 error     at Request.self.callback (/usr/lib/nodejs/request/index.js:148:22)
10 error     at Request.EventEmitter.emit (events.js:98:17)
10 error     at Request.<anonymous> (/usr/lib/nodejs/request/index.js:896:14)
10 error     at Request.EventEmitter.emit (events.js:117:20)
10 error     at IncomingMessage.<anonymous> (/usr/lib/nodejs/request/index.js:847:12)
10 error     at IncomingMessage.EventEmitter.emit (events.js:117:20)
10 error     at _stream_readable.js:920:16
11 error If you need help, you may report this log at:
11 error     <http://github.com/isaacs/npm/issues>
11 error or email it to:
11 error     <npm-@googlegroups.com>
12 error System Linux 3.16.0-43-generic
13 error command "/usr/bin/nodejs" "/usr/bin/npm" "completion" "--" "npm" "install" "bo"
14 error cwd /home/lujiejie/work/code/FreeRoo
15 error node -v v0.10.25
16 error npm -v 1.3.10
17 error type non_object_property_call
18 verbose exit [ 1, true ]
